<?xml version="1.0" encoding="UTF-8"?>
<!-- Generated by org.testng.reporters.JUnitXMLReporter -->
<testsuite ignored="0" hostname="Rajashree" failures="0" tests="4" name="Test" time="598.106" errors="0" timestamp="2021-03-05T06:03:08 GMT-08:00">
  <testcase classname="Home.Product_search.Product_search" name="loginTest" time="0.018">
    <skipped/>
  </testcase> <!-- loginTest -->
  <testcase classname="Home.Product_search.Product_search" name="loginTest" time="511.559"/>
  <testcase classname="Sales.Quotes.More_Favorites" name="loginTest" time="0.001">
    <skipped/>
  </testcase> <!-- loginTest -->
  <testcase classname="Sales.Quotes.More_Favorites" name="loginTest" time="83.046"/>
</testsuite> <!-- Test -->
